749
344 758
155 595
153 760
612 967
386 96
494 72
105 686
935
925
906
836
756
725
672
550
456
164
48
128 956
977 180
470 846
256 982
670 952
20 234
182 395
737 372
321 511
471 226
871 424
51 995
401 523
581 681
487 262
115 607
55 82
428 834
133 368
750 392
27 684
816 980
510 157
994
986
971
969
938
931
924
921
895
875
874
851
845
843
839
831
821
802
792
786
780
779
768
757
755
743
741
732
708
702
694
687
671
669
648
616
611
593
588
576
559
554
546
532
526
519
507
504
491
483
479
477
472
463
457
430
425
423
411
396
389
379
374
362
360
349
348
342
333
313
303
294
287
284
283
279
278
277
267
261
245
241
240
230
225
219
216
211
210
209
201
187
181
176
149
145
141
136
122
121
112
111
81
74
73
50
42
38
34
163 175
223 817
716 703
628 12
388 335
465 968
885 979
86 307
375 355
15 751
934 720
961 52
410 330
492 94
857 445
237 341
359 188
837 452
586 137
183 696
630 930
363 248
238 991
476 236
146 68
735 891
250 95
548 150
199 384
668 80
513 522
634 273
932 432
620 288
291 898
6 912
824 527
269 810
469 270
770 88
290 919
244 371
832 390
79 543
960 695
988 769
636 759
474 915
53 800
171 862
940 353
805 564
2 808
700 49
590 974
402 373
783 44
407 91
709 124
683 266
93 660
434 31
336 295
444 653
537 789
892 828
762 617
490 661
664 259
231 304
10 881
318 215
243 331
528 306
685 327
573 99
521 701
123 339
458 840
345 195
545 466
798 26
426 214
643 635
47 32
162 580
624 796
622 909
147 958
58 797
676 558
998
997
992
989
987
983
978
976
975
972
970
966
964
963
962
959
955
954
951
950
948
944
942
939
936
933
926
923
922
917
914
913
908
907
905
900
899
896
893
890
889
888
887
886
880
878
877
870
869
867
865
864
863
860
859
855
854
852
850
849
848
844
842
830
829
827
826
823
822
820
819
815
812
811
809
807
804
803
799
791
790
787
785
784
778
777
776
775
772
771
767
766
764
761
754
748
747
746
745
742
739
738
736
734
733
730
729
728
727
724
723
722
719
718
713
712
707
706
704
693
692
691
690
688
682
680
679
678
677
667
663
658
656
655
654
652
650
649
647
646
645
644
642
641
640
639
638
629
627
626
623
621
614
613
610
606
605
604
602
597
596
594
592
591
584
575
574
570
569
567
565
561
560
557
556
555
551
549
541
540
539
538
536
533
531
530
520
516
515
514
509
508
506
505
502
500
499
497
493
489
488
486
485
480
473
468
467
462
460
453
451
450
448
446
442
441
440
439
436
435
433
431
429
421
420
416
412
406
404
400
397
393
391
387
381
380
378
377
370
369
367
364
361
358
357
356
354
352
351
347
346
340
334
332
329
328
326
325
323
320
319
317
316
315
314
312
311
309
308
305
302
301
300
299
298
296
293
292
286
282
281
276
275
274
272
268
265
260
258
255
254
251
247
239
235
233
232
229
228
222
220
217
213
212
208
205
203
202
197
196
194
193
192
189
186
184
179
178
177
174
170
167
166
159
154
148
142
140
139
135
132
127
125
120
113
110
109
107
106
103
100
98
92
90
89
87
83
78
77
75
70
63
62
60
56
45
43
41
39
35
33
29
28
25
24
23
22
21
19
17
16
14
13
11
9
7
5
4
3
1
544 138
221 246
911 65
376 59
285 562
847 169
67 484
705 8
990 512
382 918
200 227
71 566
619 324
152 953
206 949
449 64
482 615
929 338
585 264
578 464
675 904
572 168
651 902
582 788
928 190
835 475
218 66
563 144
753 289
872 866
657 191
744 659
129 143
587 814
568 749
673 161
795 535
263 699
927 674
608 793
589 765
76 419
853 577
104 97
601 873
422 394
36 108
858 54
763 665
366 443
297 459
973 151
882 158
631 257
993 365
894 343
603 714
437 838
454 224
252 698
600 965
553 415
579 801
46 637
102 583
165 30
726 271
947 547
253 943
985 910
711 160
37 18
118 496
525 0
385 740
689 461
996 57
552 40
503 134
173 481
156 841
571 85
721 117
813 897
322 61
280 185
945 856
633 414
403 697
625 409
518 868
946 861
130 383
782 398
69 501
901 249
207 598
478 495
405 599
524 806
773 833
984 517
618 172
119 752
941 794
498 114
126 116
310 131
455 916
529 447
413 981
204 534
937 666
781 427
818 662
542 731
417 825
337 903
920 350
632 774
710 879
884 408
418 717
715 609
399 84
883 876
999 198
242 438
