749
581 582
20 26
875
771
754
704
669
457
391
329
298
284
197
34
958 960
956 957
929 930
916 918
884 885
832 833
795 796
714 715
637 643
609 612
599 600
579 580
568 571
564 566
528 529
517 518
394 395
386 388
368 371
285 288
138 143
987
972
970
963
959
935
926
908
899
889
887
880
878
855
850
839
829
812
807
803
791
784
779
777
772
764
755
739
719
692
688
680
654
627
613
597
591
584
570
559
557
556
546
538
533
520
509
502
491
463
460
412
411
393
333
320
315
313
312
286
283
275
274
272
255
251
241
219
216
212
202
193
154
127
112
98
90
83
74
56
50
48
45
42
39
23
14
11
980 981
973 974
967 968
961 965
952 953
937 940
927 928
891 892
882 883
879 881
871 872
866 868
861 862
857 858
762 763
753 758
751 752
705 709
684 685
681 683
665 666
657 659
620 622
586 587
583 585
543 544
501 503
494 495
476 478
474 475
447 449
444 445
438 443
434 437
428 432
426 427
413 414
403 405
398 399
372 373
365 366
345 350
337 338
330 331
324 327
297 304
273 280
270 271
266 269
259 262
256 257
249 250
236 237
223 224
214 215
200 204
191 195
188 190
183 185
173 175
168 169
158 160
147 150
144 146
131 133
126 128
114 115
102 104
96 97
94 95
91 93
86 88
80 82
76 79
71 72
68 69
66 67
64 65
59 61
49 51
36 37
31 32
998
997
994
992
989
986
983
978
976
975
971
969
966
964
962
955
954
951
950
948
944
942
939
938
936
933
931
925
924
923
922
921
917
914
913
907
906
905
900
896
895
893
890
888
886
877
874
870
869
867
865
864
863
860
859
854
852
851
849
848
845
844
843
842
836
831
830
827
826
823
822
821
820
819
815
811
809
804
802
799
792
790
787
786
785
780
778
776
775
768
767
766
761
757
756
748
747
746
745
743
742
741
738
736
734
733
732
730
729
728
727
725
724
723
722
718
713
712
708
707
706
702
694
693
691
690
687
682
679
678
677
672
671
667
663
658
656
655
652
650
649
648
647
646
645
644
642
641
640
639
638
629
626
623
621
616
614
611
610
606
605
604
602
596
594
593
592
588
576
575
574
569
567
565
561
560
555
554
551
550
549
541
540
539
536
532
531
530
526
519
516
515
514
508
507
506
505
504
500
499
497
493
489
488
486
485
483
480
479
477
473
472
468
467
462
456
453
451
450
448
446
442
441
440
439
436
435
433
431
430
429
425
423
421
420
416
406
404
400
397
396
389
387
381
380
379
378
377
374
370
369
367
364
362
361
360
358
357
356
354
352
351
349
348
347
346
342
340
334
332
328
326
325
323
319
317
316
314
311
309
308
305
303
302
301
300
299
296
294
293
292
287
282
281
279
278
277
276
268
267
265
261
260
258
254
247
245
240
239
235
233
232
230
229
228
225
222
220
217
213
211
210
209
208
205
203
201
196
194
192
189
187
186
184
181
179
178
177
176
174
170
167
166
164
159
149
148
145
142
141
140
139
136
135
132
125
122
121
120
113
111
110
109
107
106
103
100
92
89
87
81
78
77
75
73
70
63
62
60
43
41
38
35
33
29
28
25
24
22
21
19
17
16
13
9
7
5
4
3
1
996 999
993 995
990 991
985 988
982 984
977 979
947 949
945 946
941 943
932 934
919 920
912 915
910 911
904 909
902 903
898 901
894 897
873 876
853 856
846 847
840 841
837 838
834 835
825 828
818 824
816 817
813 814
808 810
805 806
800 801
797 798
793 794
788 789
782 783
774 781
770 773
765 769
759 760
749 750
740 744
735 737
726 731
720 721
716 717
710 711
701 703
699 700
697 698
695 696
686 689
675 676
673 674
668 670
662 664
660 661
651 653
635 636
633 634
631 632
628 630
624 625
618 619
615 617
607 608
601 603
595 598
589 590
577 578
572 573
562 563
553 558
548 552
545 547
537 542
534 535
525 527
523 524
521 522
512 513
510 511
496 498
490 492
484 487
481 482
470 471
466 469
464 465
459 461
455 458
452 454
422 424
418 419
415 417
409 410
407 408
401 402
390 392
384 385
382 383
375 376
359 363
353 355
343 344
339 341
335 336
321 322
310 318
306 307
291 295
289 290
263 264
252 253
246 248
243 244
238 242
231 234
226 227
218 221
206 207
198 199
180 182
171 172
163 165
161 162
156 157
153 155
151 152
134 137
129 130
123 124
118 119
116 117
105 108
99 101
84 85
57 58
54 55
52 53
46 47
40 44
27 30
15 18
10 12
6 8
