749
758 173
155 55
906
776
532
346
342
284
267
181
48
993 49
82 828
782 262
133 995
974 668
617 471
355 96
114 612
47 234
633 834
977 589
986
971
964
935
931
925
922
917
908
900
899
888
880
875
874
851
845
839
819
802
792
791
786
771
757
755
745
743
741
724
708
702
679
672
671
669
655
648
616
611
596
550
546
536
507
504
499
497
491
457
451
430
425
423
416
411
406
378
374
362
360
349
348
333
312
309
296
278
255
254
247
230
219
212
211
196
193
189
166
164
149
145
136
111
107
92
73
50
43
42
38
5
53 695
297 146
894 607
547 105
537 395
581 664
846 438
492 522
207 306
85 353
195 634
359 214
726 454
69 824
548 231
941 99
199 838
676 960
587 331
891 424
464 68
61 259
95 631
51 608
162 171
710 324
321 892
459 684
417 714
806 330
879 624
943 494
814 169
237 794
150 564
798 573
116 700
375 673
818 637
956 837
117 80
982 151
988 632
15 244
434 904
701 373
773 697
257 797
979 759
952 447
227 670
371 595
266 93
543 182
401 253
765 630
466 659
580 461
686 215
763 191
800 749
183 156
128 661
437 428
271 307
572 512
8 681
198 264
336 599
932 252
432 553
102 341
399 345
998
997
994
992
989
987
983
978
976
975
972
970
969
966
963
962
959
955
954
951
950
948
944
942
939
938
936
933
926
924
923
921
914
913
907
905
896
895
893
890
889
887
886
878
877
870
869
867
865
864
863
860
859
855
854
852
850
849
848
844
843
842
836
831
830
829
827
826
823
822
821
820
815
812
811
809
807
804
803
799
790
787
785
784
780
779
778
777
775
772
768
767
766
764
761
756
754
748
747
746
742
739
738
736
734
733
732
730
729
728
727
725
723
722
719
718
713
712
707
706
704
694
693
692
691
690
688
687
682
680
678
677
667
663
658
656
654
652
650
649
647
646
645
644
642
641
640
639
638
629
627
626
623
621
614
613
610
606
605
604
602
597
594
593
592
591
588
584
576
575
574
570
569
567
565
561
560
559
557
556
555
554
551
549
541
540
539
538
533
531
530
526
520
519
516
515
514
509
508
506
505
502
500
493
489
488
486
485
483
480
479
477
473
472
468
467
463
462
460
456
453
450
448
446
442
441
440
439
436
435
433
431
429
421
420
412
404
400
397
396
393
391
389
387
381
380
379
377
370
369
367
364
361
358
357
356
354
352
351
347
340
334
332
329
328
326
325
323
320
319
317
316
315
314
313
311
308
305
303
302
301
300
299
298
294
293
292
287
286
283
282
281
279
277
276
275
274
272
268
265
261
260
258
251
245
241
240
239
235
233
232
229
228
225
222
220
217
216
213
210
209
208
205
203
202
201
197
194
192
187
186
184
179
178
177
176
174
170
167
159
154
148
142
141
140
139
135
132
127
125
122
121
120
113
112
110
109
106
103
100
98
90
89
87
83
81
78
77
75
74
70
63
62
60
56
45
41
39
35
34
33
29
28
25
24
23
22
21
19
17
16
14
13
11
9
7
4
3
1
898 487
94 841
840 579
715 501
762 915
857 674
470 97
598 20
44 458
409 426
967 418
249 615
115 403
481 653
847 985
413 882
583 609
731 662
711 534
558 958
469 752
525 528
385 660
118 218
740 490
398 868
529 735
883 817
59 832
858 789
930 625
566 744
52 945
582 911
12 0
495 37
144 866
816 675
991 796
72 158
304 698
984 388
31 337
873 79
872 175
813 263
805 243
289 947
123 861
223 180
410 147
476 876
40 909
751 825
250 937
810 372
511 484
327 793
552 224
523 382
143 322
88 903
26 920
996 721
902 54
968 392
129 542
929 568
928 862
443 703
788 973
562 368
635 415
618 527
783 940
160 953
919 108
76 774
685 350
280 544
86 619
32 833
912 161
901 119
190 927
622 104
916 188
57 270
760 408
651 990
204 590
578 518
521 503
66 165
288 138
130 946
808 383
498 571
339 6
856 414
835 696
236 365
246 405
750 137
949 384
720 290
131 999
478 419
601 27
524 310
30 238
657 200
465 961
206 853
769 709
934 981
427 2
918 344
455 513
801 242
737 422
699 563
717 366
84 871
716 256
185 510
910 126
897 585
620 535
444 753
496 273
683 781
449 390
628 291
285 965
577 475
666 269
157 152
221 386
482 402
65 545
636 248
705 36
153 689
58 474
603 71
134 46
318 665
643 10
343 363
101 338
586 885
18 295
226 795
770 376
124 407
394 452
67 884
517 172
91 64
335 163
600 168
980 445
