749
585 464
903 494
504
162 578
52 832
959
923
777
556
497
480
352
329
159
9
221 607
857 595
118 262
980 126
438 603
735 873
726 918
36 794
269 876
861 522
589 660
600 402
173 242
976
972
964
913
908
907
899
886
878
852
831
804
803
799
790
786
779
757
746
745
739
729
725
708
707
704
690
671
644
638
627
605
591
584
569
561
557
555
550
539
533
516
515
509
507
483
462
457
450
435
430
423
421
391
351
347
334
325
313
299
281
279
275
268
247
241
229
220
202
197
187
186
184
178
167
148
139
120
113
109
98
81
60
45
34
28
24
14
513 685
510 252
699 697
749 763
99 608
47 721
353 915
818 238
94 195
518 609
343 66
582 335
80 157
492 93
769 116
466 373
344 146
990 930
206 224
388 717
664 833
244 553
266 659
410 398
12 714
285 932
341 257
720 395
394 207
814 153
10 310
137 884
231 46
471 124
289 461
414 307
552 795
259 681
382 866
503 858
665 709
793 105
601 409
54 661
434 401
816 573
408 801
675 108
200 306
534 327
563 710
117 643
581 805
586 630
781 226
705 957
783 376
115 619
363 37
984 995
993 670
998
997
994
992
989
987
986
983
978
975
971
970
969
966
963
962
955
954
951
950
948
944
942
939
938
936
935
933
931
926
925
924
922
921
917
914
906
905
900
896
895
893
890
889
888
887
880
877
875
874
870
869
867
865
864
863
860
859
855
854
851
850
849
848
845
844
843
842
839
836
830
829
827
826
823
822
821
820
819
815
812
811
809
807
802
792
791
787
785
784
780
778
776
775
772
771
768
767
766
764
761
756
755
754
748
747
743
742
741
738
736
734
733
732
730
728
727
724
723
722
719
718
713
712
706
702
694
693
692
691
688
687
682
680
679
678
677
672
669
667
663
658
656
655
654
652
650
649
648
647
646
645
642
641
640
639
629
626
623
621
616
614
613
611
610
606
604
602
597
596
594
593
592
588
576
575
574
570
567
565
560
559
554
551
549
546
541
540
538
536
532
531
530
526
520
519
514
508
506
505
502
500
499
493
491
489
488
486
485
479
477
473
472
468
467
463
460
456
453
451
448
446
442
441
440
439
436
433
431
429
425
420
416
412
411
406
404
400
397
396
393
389
387
381
380
379
378
377
374
370
369
367
364
362
361
360
358
357
356
354
349
348
346
342
340
333
332
328
326
323
320
319
317
316
315
314
312
311
309
308
305
303
302
301
300
298
296
294
293
292
287
286
284
283
282
278
277
276
274
272
267
265
261
260
258
255
254
251
245
240
239
235
233
232
230
228
225
222
219
217
216
213
212
211
210
209
208
205
203
201
196
194
193
192
189
181
179
177
176
174
170
166
164
154
149
145
142
141
140
136
135
132
127
125
122
121
112
111
110
107
106
103
100
92
90
89
87
83
78
77
75
74
73
70
63
62
56
50
48
43
42
41
39
38
35
33
29
25
23
22
21
19
17
16
13
11
7
5
4
3
1
86 635
590 686
366 800
996 481
476 571
949 204
568 183
965 119
683 696
97 625
95 617
788 622
901 490
740 929
465 339
813 469
336 961
147 104
796 304
579 798
368 945
403 215
291 529
817 774
689 249
138 853
151 405
331 715
731 657
102 947
753 447
946 271
634 49
847 632
912 636
67 676
974 653
57 498
27 237
651 991
824 168
673 527
478 750
583 155
248 703
59 191
175 250
909 620
290 345
512 700
872 445
525 910
902 928
321 418
415 979
79 180
544 161
444 496
666 26
695 114
432 85
263 40
941 835
521 424
628 55
130 760
871 897
76 668
427 973
322 459
375 495
61 762
759 65
846 999
952 698
825 288
482 337
53 960
134 637
243 256
372 0
30 751
280 152
198 386
172 88
882 894
437 419
956 977
470 618
163 701
797 297
158 51
270 937
599 474
84 64
545 806
810 487
711 934
919 15
214 808
365 71
927 422
253 264
856 577
455 758
133 458
631 967
129 188
428 218
128 837
558 985
44 547
879 2
165 885
169 684
911 18
390 383
892 528
523 988
199 524
542 868
543 624
273 943
330 953
828 96
674 517
407 182
58 392
443 69
454 752
295 227
223 716
452 562
501 838
338 413
982 324
770 898
511 883
484 68
789 572
350 564
82 101
385 123
891 765
744 355
150 580
236 171
981 318
612 160
773 31
475 72
881 246
834 8
840 633
144 359
662 548
6 190
535 371
782 598
426 566
20 737
958 143
417 234
156 841
904 940
131 615
32 91
537 968
399 916
384 449
862 587
