749
588
350 760
997
645
4
846 153
686 995
115 124
469 609
868 243
853 290
973 490
363 52
93 583
47 415
993 384
40 668
998
989
975
963
939
936
922
921
890
887
880
878
874
867
849
836
831
812
784
779
766
756
754
747
743
739
729
725
706
704
680
656
654
646
629
623
613
610
605
576
570
551
549
520
493
483
473
460
457
411
397
396
393
374
367
364
349
347
319
311
298
279
277
261
225
209
208
205
203
202
201
197
193
179
167
154
145
142
136
121
109
81
78
77
74
62
38
35
25
19
11
58 857
744 171
6 585
796 344
144 246
37 85
805 818
157 632
481 175
558 589
465 898
897 318
814 620
496 190
94 797
15 543
753 375
409 965
572 625
236 304
30 562
138 182
156 376
957 832
289 280
336 116
510 758
133 12
172 980
51 615
82 523
617 414
537 273
587 511
513 447
958 238
545 603
200 525
84 808
884 434
981 608
337 195
661 330
675 168
636 731
96 353
967 528
264 169
10 161
689 622
335 269
885 373
544 968
428 662
856 291
218 466
670 952
994
992
987
986
983
978
976
972
971
970
969
966
964
962
959
955
954
951
950
948
944
942
938
935
933
931
926
925
924
923
917
914
913
908
907
906
905
900
899
896
895
893
889
888
886
877
875
870
869
865
864
863
860
859
855
854
852
851
850
848
845
844
843
842
839
830
829
827
826
823
822
821
820
819
815
811
809
807
804
803
802
799
792
791
790
787
786
785
780
778
777
776
775
772
771
768
767
764
761
757
755
748
746
745
742
741
738
736
734
733
732
730
728
727
724
723
722
719
718
713
712
708
707
702
694
693
692
691
690
688
687
682
679
678
677
672
671
669
667
663
658
655
652
650
649
648
647
644
642
641
640
639
638
627
626
621
616
614
611
606
604
602
597
596
594
593
592
591
584
575
574
569
567
565
561
560
559
557
556
555
554
550
546
541
540
539
538
536
533
532
531
530
526
519
516
515
514
509
508
507
506
505
504
502
500
499
497
491
489
488
486
485
480
479
477
472
468
467
463
462
456
453
451
450
448
446
442
441
440
439
436
435
433
431
430
429
425
423
421
420
416
412
406
404
400
391
389
387
381
380
379
378
377
370
369
362
361
360
358
357
356
354
352
351
348
346
342
340
334
333
332
329
328
326
325
323
320
317
316
315
314
313
312
309
308
305
303
302
301
300
299
296
294
293
292
287
286
284
283
282
281
278
276
275
274
272
268
267
265
260
258
255
254
251
247
245
241
240
239
235
233
232
230
229
228
222
220
219
217
216
213
212
211
210
196
194
192
189
187
186
184
181
178
177
176
174
170
166
164
159
149
148
141
140
139
135
132
127
125
122
120
113
112
111
110
107
106
103
100
98
92
90
89
87
83
75
73
70
63
60
56
50
48
45
43
42
41
39
34
33
29
28
24
23
22
21
17
16
14
13
9
7
5
3
1
710 763
990 64
418 535
160 478
163 879
800 341
956 788
881 324
223 206
624 928
553 940
697 902
339 794
750 422
394 250
454 398
461 566
44 801
751 872
653 405
173 618
53 974
918 999
102 162
427 180
76 817
568 985
991 343
634 552
449 529
54 97
402 700
984 297
403 684
408 946
147 740
227 130
413 901
789 487
934 475
635 759
455 909
55 534
912 599
659 199
271 628
188 437
191 685
637 929
582 183
2 683
242 263
915 861
80 65
482 226
891 573
67 390
18 619
32 773
795 612
607 244
155 69
517 595
651 681
285 522
59 577
601 783
117 666
443 66
930 237
600 495
866 459
95 143
137 949
512 590
438 359
770 705
134 185
698 717
57 224
118 401
306 36
882 665
937 158
835 781
806 837
49 372
432 26
643 151
524 470
721 492
426 988
547 564
910 961
703 445
231 322
720 262
960 471
371 101
762 979
365 126
578 123
943 266
327 542
916 858
234 932
249 920
270 695
355 152
31 825
474 419
871 518
204 307
484 726
673 876
715 382
548 146
892 774
873 452
321 417
527 71
338 88
664 816
696 108
253 847
631 735
86 737
119 131
61 749
424 579
388 977
503 395
883 945
20 46
919 129
215 716
833 150
27 114
674 581
862 207
385 464
79 982
165 828
630 903
257 221
834 498
793 947
941 714
383 407
345 660
701 214
782 72
521 259
598 105
104 0
501 476
904 996
657 331
709 368
752 824
91 841
366 295
571 410
676 580
699 99
288 494
8 894
711 399
444 458
633 256
838 911
128 813
927 765
392 248
769 953
563 310
798 810
252 68
586 386
