998
795 796
796 797
794 795
328
957 958
956 957
703 705
622 624
620 622
543 544
513 517
474 475
443 444
408 409
271 273
867
826
820
803
644
597
502
485
391
320
281
272
178
109
100
87
73
38
13
930 932
866 868
862 866
857 858
840 841
838 840
835 837
834 835
813 814
763 765
751 752
750 751
735 737
731 735
705 709
665 666
664 665
662 664
661 662
637 643
636 637
581 582
579 580
571 572
568 571
544 545
542 543
517 518
512 513
498 501
496 498
478 481
471 474
470 471
469 470
438 443
409 410
399 401
394 395
392 394
341 343
339 341
338 339
337 338
336 337
335 336
318 321
270 271
259 262
243 244
218 221
129 130
105 108
99 101
997
987
986
978
970
964
950
936
908
907
890
889
878
870
864
855
851
850
836
831
830
829
802
786
784
777
766
764
755
747
745
743
723
712
708
707
693
678
671
669
656
647
642
621
616
614
610
606
593
561
551
546
536
505
499
497
493
488
483
477
468
463
457
451
442
423
406
393
370
364
348
333
325
315
312
309
298
292
286
283
275
251
239
228
216
213
208
203
202
197
192
189
159
154
149
140
125
113
103
89
63
60
56
48
45
34
33
24
23
21
19
11
984 985
982 984
974 977
973 974
932 934
929 930
918 919
916 918
910 911
909 910
898 901
897 898
882 883
881 882
873 876
872 873
858 861
856 857
837 838
833 834
818 824
817 818
814 816
810 813
789 793
788 789
782 783
781 782
770 773
769 770
765 769
762 763
759 760
758 759
721 726
720 721
714 715
711 714
701 703
700 701
699 700
697 698
696 697
689 695
686 689
673 674
670 673
666 668
660 661
631 632
630 631
609 612
608 609
595 598
590 595
585 586
583 585
582 583
580 581
578 579
558 562
553 558
545 547
524 525
523 524
518 521
495 496
494 495
492 494
490 492
481 482
476 478
475 476
466 469
465 466
454 455
452 454
444 445
419 422
418 419
417 418
415 417
407 408
401 402
398 399
386 388
385 386
359 363
355 359
331 335
330 331
327 330
324 327
321 322
310 318
295 297
291 295
290 291
289 290
288 289
285 288
273 280
269 270
262 263
257 259
256 257
253 256
244 246
242 243
231 234
227 231
226 227
224 226
221 223
215 218
200 204
199 200
188 190
185 188
182 183
180 182
168 169
165 168
161 162
160 161
158 160
157 158
153 155
152 153
150 151
147 150
146 147
144 146
137 138
134 137
130 131
128 129
108 114
104 105
101 102
97 99
93 94
91 93
72 76
71 72
65 66
64 65
44 46
40 44
30 31
27 30
26 27
20 26
8 10
6 8
998
994
992
989
983
976
975
972
971
969
966
963
962
959
955
954
951
948
944
942
939
938
935
933
931
926
925
924
923
922
921
917
914
913
906
905
900
899
896
895
893
888
887
886
880
877
875
874
869
865
863
860
859
854
852
849
848
845
844
843
842
839
827
823
822
821
819
815
812
811
809
807
804
799
792
791
790
787
785
780
779
778
776
775
772
771
768
767
761
757
756
754
748
746
742
741
739
738
736
734
733
732
730
729
728
727
725
724
722
719
718
713
706
704
702
694
692
691
690
688
687
682
680
679
677
672
667
663
658
655
654
652
650
649
648
646
645
641
640
639
638
629
627
626
623
613
611
605
604
602
596
594
592
591
588
584
576
575
574
570
569
567
565
560
559
557
556
555
554
550
549
541
540
539
538
533
532
531
530
526
520
519
516
515
514
509
508
507
506
504
500
491
489
486
480
479
473
472
467
462
460
456
453
450
448
446
441
440
439
436
435
433
431
430
429
425
421
420
416
412
411
404
400
397
396
389
387
381
380
379
378
377
374
369
367
362
361
360
358
357
356
354
352
351
349
347
346
342
340
334
332
329
326
323
319
317
316
314
313
311
308
305
303
302
301
300
299
296
294
293
287
284
282
279
278
277
276
274
268
267
265
261
260
258
255
254
247
245
241
240
235
233
232
230
229
225
222
220
219
217
212
211
210
209
205
201
196
194
193
187
186
184
181
179
177
176
174
170
167
166
164
148
145
142
141
139
136
135
132
127
122
121
120
112
111
110
107
106
98
92
90
83
81
78
77
75
74
70
62
50
43
42
41
39
35
29
28
25
22
17
16
14
9
7
5
4
3
1
996 999
995 996
993 995
991 993
990 991
988 990
985 988
981 982
980 981
979 980
977 979
968 973
967 968
965 967
961 965
960 961
958 960
953 956
952 953
949 952
947 949
946 947
945 946
943 945
941 943
940 941
937 940
934 937
928 929
927 928
920 927
919 920
915 916
912 915
911 912
904 909
903 904
902 903
901 902
894 897
892 894
891 892
885 891
884 885
883 884
879 881
876 879
871 872
868 871
861 862
853 856
847 853
846 847
841 846
832 833
828 832
825 828
824 825
816 817
808 810
806 808
805 806
801 805
800 801
798 800
797 798
793 794
783 788
774 781
773 774
760 762
753 758
752 753
749 750
744 749
740 744
737 740
726 731
717 720
716 717
715 716
710 711
709 710
698 699
695 696
685 686
684 685
683 684
681 683
676 681
675 676
674 675
668 670
659 660
657 659
653 657
651 653
643 651
635 636
634 635
633 634
632 633
628 630
625 628
624 625
619 620
618 619
617 618
615 617
612 615
607 608
603 607
601 603
600 601
599 600
598 599
589 590
587 589
586 587
577 578
573 577
572 573
566 568
564 566
563 564
562 563
552 553
548 552
547 548
537 542
535 537
534 535
529 534
528 529
527 528
525 527
522 523
521 522
511 512
510 511
503 510
501 503
487 490
484 487
482 484
464 465
461 464
459 461
458 459
455 458
449 452
447 449
445 447
437 438
434 437
432 434
428 432
427 428
426 427
424 426
422 424
414 415
413 414
410 413
405 407
403 405
402 403
395 398
390 392
388 390
384 385
383 384
382 383
376 382
375 376
373 375
372 373
371 372
368 371
366 368
365 366
363 365
353 355
350 353
345 350
344 345
343 344
322 324
307 310
306 307
304 306
297 304
280 285
266 269
264 266
263 264
252 253
250 252
249 250
248 249
246 248
238 242
237 238
236 237
234 236
223 224
214 215
207 214
206 207
204 206
198 199
195 198
191 195
190 191
183 185
175 180
173 175
172 173
171 172
169 171
163 165
162 163
156 157
155 156
151 152
143 144
138 143
133 134
131 133
126 128
124 126
123 124
119 123
118 119
117 118
116 117
115 116
114 115
102 104
96 97
95 96
94 95
88 91
86 88
85 86
84 85
82 84
80 82
79 80
76 79
69 71
68 69
67 68
66 67
61 64
59 61
58 59
57 58
55 57
54 55
53 54
52 53
51 52
49 51
47 49
46 47
37 40
36 37
32 36
31 32
18 20
15 18
12 15
10 12
2 6
